d:\mystudy\beakjoon\c++\종합\종합\debug\vc142.pdb
d:\mystudy\beakjoon\c++\종합\종합\debug\vc142.idb
d:\mystudy\beakjoon\c++\종합\종합\debug\종합.obj
d:\mystudy\beakjoon\c++\종합\종합\debug\백준_q2250.obj
d:\mystudy\beakjoon\c++\종합\종합\debug\백준_q1150.obj
d:\mystudy\beakjoon\c++\종합\종합\debug\백준 q2583.obj
d:\mystudy\beakjoon\c++\종합\종합\debug\백준 q2573.obj
d:\mystudy\beakjoon\c++\종합\종합\debug\백준 q2206.obj
d:\mystudy\beakjoon\c++\종합\종합\debug\백준 q17472.obj
d:\mystudy\beakjoon\c++\종합\종합\debug\백준 q13023.obj
d:\mystudy\beakjoon\c++\종합\종합\debug\백준 q1197.obj
d:\mystudy\beakjoon\c++\종합\종합\debug\백준 q2810.obj
d:\mystudy\beakjoon\c++\종합\종합\debug\백준 q1946.obj
d:\mystudy\beakjoon\c++\종합\종합\debug\백준 q1744.obj
d:\mystudy\beakjoon\c++\종합\종합\debug\백준 q1715.obj
d:\mystudy\beakjoon\c++\종합\종합\debug\백준 q1700.obj
d:\mystudy\beakjoon\c++\종합\종합\debug\백준 q1495.obj
d:\mystudy\beakjoon\c++\종합\종합\debug\백준 q1309.obj
d:\mystudy\beakjoon\c++\종합\종합\debug\백준 q1202.obj
d:\mystudy\beakjoon\c++\종합\종합\debug\백준 q11727.obj
d:\mystudy\beakjoon\c++\종합\종합\debug\백준 q11399.obj
d:\mystudy\beakjoon\c++\종합\종합\debug\백준 q11060.obj
d:\mystudy\beakjoon\c++\종합\종합\debug\백준 q11057.obj
d:\mystudy\beakjoon\c++\종합\종합\debug\백준 q11055.obj
d:\mystudy\beakjoon\c++\종합\종합\debug\백준 q11048.obj
d:\mystudy\beakjoon\c++\종합\종합\debug\백준 q11047.obj
d:\mystudy\beakjoon\c++\종합\종합\debug\백준 q11000.obj
d:\mystudy\beakjoon\c++\종합\종합\debug\백준 q10775.obj
d:\mystudy\beakjoon\c++\종합\종합\debug\백준 q1041.obj
d:\mystudy\beakjoon\c++\종합\종합\debug\백준 q1028.obj
d:\mystudy\beakjoon\c++\종합\종합\debug\백준 q10164.obj
d:\mystudy\beakjoon\c++\종합\종합\debug\백준 q9576.obj
d:\mystudy\beakjoon\c++\종합\종합\debug\백준 q9465.obj
d:\mystudy\beakjoon\c++\종합\종합\debug\백준 q5557.obj
d:\mystudy\beakjoon\c++\종합\종합\debug\백준 q3109.obj
d:\mystudy\beakjoon\c++\종합\종합\debug\백준 q2839.obj
d:\mystudy\beakjoon\c++\종합\종합\debug\백준 q2812.obj
d:\mystudy\beakjoon\c++\종합\종합\debug\백준 q1572.obj
d:\mystudy\beakjoon\c++\종합\종합\debug\showarray.obj
d:\mystudy\beakjoon\c++\종합\종합\debug\백준 q13537.obj
d:\mystudy\beakjoon\c++\종합\종합\debug\segment_tree.obj
d:\mystudy\beakjoon\c++\종합\종합\debug\tree.obj
d:\mystudy\beakjoon\c++\종합\종합\debug\stack.obj
d:\mystudy\beakjoon\c++\종합\종합\debug\queue.obj
d:\mystudy\beakjoon\c++\종합\종합\debug\linkedlist.obj
d:\mystudy\beakjoon\c++\종합\종합\debug\heap.obj
d:\mystudy\beakjoon\c++\종합\종합\debug\hash_table.obj
d:\mystudy\beakjoon\c++\종합\종합\debug\graph.obj
d:\mystudy\beakjoon\c++\종합\종합\debug\deque.obj
d:\mystudy\beakjoon\c++\종합\종합\debug\bst(binary search tree).obj
d:\mystudy\beakjoon\c++\종합\종합\debug\array.obj
d:\mystudy\beakjoon\c++\종합\종합\debug\test1.obj
d:\mystudy\beakjoon\c++\종합\debug\종합.pdb
d:\mystudy\beakjoon\c++\종합\종합\debug\종합.tlog\cl.command.1.tlog
d:\mystudy\beakjoon\c++\종합\종합\debug\종합.tlog\cl.read.1.tlog
d:\mystudy\beakjoon\c++\종합\종합\debug\종합.tlog\cl.write.1.tlog
d:\mystudy\beakjoon\c++\종합\종합\debug\종합.tlog\link-cvtres.read.1.tlog
d:\mystudy\beakjoon\c++\종합\종합\debug\종합.tlog\link-cvtres.write.1.tlog
d:\mystudy\beakjoon\c++\종합\종합\debug\종합.tlog\link-rc.read.1.tlog
d:\mystudy\beakjoon\c++\종합\종합\debug\종합.tlog\link-rc.write.1.tlog
d:\mystudy\beakjoon\c++\종합\종합\debug\종합.tlog\link.13068-cvtres.read.1.tlog
d:\mystudy\beakjoon\c++\종합\종합\debug\종합.tlog\link.13068-cvtres.write.1.tlog
d:\mystudy\beakjoon\c++\종합\종합\debug\종합.tlog\link.13068-rc.read.1.tlog
d:\mystudy\beakjoon\c++\종합\종합\debug\종합.tlog\link.13068-rc.write.1.tlog
d:\mystudy\beakjoon\c++\종합\종합\debug\종합.tlog\link.13068.read.1.tlog
d:\mystudy\beakjoon\c++\종합\종합\debug\종합.tlog\link.13068.write.1.tlog
d:\mystudy\beakjoon\c++\종합\종합\debug\종합.tlog\link.command.1.tlog
d:\mystudy\beakjoon\c++\종합\종합\debug\종합.tlog\link.read.1.tlog
d:\mystudy\beakjoon\c++\종합\종합\debug\종합.tlog\link.write.1.tlog
