d:\mystudy\beakjoon\c++\종합\debug\boj_solution.lib
d:\mystudy\beakjoon\c++\종합\debug\boj_solution.exp
d:\mystudy\beakjoon\c++\종합\boj_solution\debug\boj_solution.pch
d:\mystudy\beakjoon\c++\종합\boj_solution\debug\vc142.pdb
d:\mystudy\beakjoon\c++\종합\boj_solution\debug\vc142.idb
d:\mystudy\beakjoon\c++\종합\boj_solution\debug\pch.obj
d:\mystudy\beakjoon\c++\종합\boj_solution\debug\q2573.obj
d:\mystudy\beakjoon\c++\종합\boj_solution\debug\dllmain.obj
d:\mystudy\beakjoon\c++\종합\boj_solution\debug\q2583.obj
d:\mystudy\beakjoon\c++\종합\debug\boj_solution.dll
d:\mystudy\beakjoon\c++\종합\debug\boj_solution.ilk
d:\mystudy\beakjoon\c++\종합\debug\boj_solution.pdb
d:\mystudy\beakjoon\c++\종합\boj_solution\debug\boj_solution.tlog\boj_solution.write.1u.tlog
d:\mystudy\beakjoon\c++\종합\boj_solution\debug\boj_solution.tlog\cl.command.1.tlog
d:\mystudy\beakjoon\c++\종합\boj_solution\debug\boj_solution.tlog\cl.read.1.tlog
d:\mystudy\beakjoon\c++\종합\boj_solution\debug\boj_solution.tlog\cl.write.1.tlog
d:\mystudy\beakjoon\c++\종합\boj_solution\debug\boj_solution.tlog\link.11340.delete.1.tlog
d:\mystudy\beakjoon\c++\종합\boj_solution\debug\boj_solution.tlog\link.2888.delete.1.tlog
d:\mystudy\beakjoon\c++\종합\boj_solution\debug\boj_solution.tlog\link.command.1.tlog
d:\mystudy\beakjoon\c++\종합\boj_solution\debug\boj_solution.tlog\link.read.1.tlog
d:\mystudy\beakjoon\c++\종합\boj_solution\debug\boj_solution.tlog\link.write.1.tlog
